# JRE version: OpenJDK Runtime Environment (7.0_65-b32) (build 1.7.0_65-b32)
# Java VM: OpenJDK 64-Bit Server VM (24.65-b04 mixed mode linux-amd64 compressed oops)
Heap
 PSYoungGen      total 132096K, used 8160K [0x00000000ebe00000, 0x00000000f4900000, 0x0000000100000000)
  eden space 123904K, 0% used [0x00000000ebe00000,0x00000000ebe00000,0x00000000f3700000)
  from space 8192K, 99% used [0x00000000f3700000,0x00000000f3ef82a0,0x00000000f3f00000)
  to   space 6144K, 0% used [0x00000000f3f00000,0x00000000f3f00000,0x00000000f4500000)
 ParOldGen       total 40960K, used 28829K [0x00000000c3a00000, 0x00000000c6200000, 0x00000000ebe00000)
  object space 40960K, 70% used [0x00000000c3a00000,0x00000000c5627750,0x00000000c6200000)
 PSPermGen       total 35840K, used 35581K [0x00000000b9400000, 0x00000000bb700000, 0x00000000c3a00000)
  object space 35840K, 99% used [0x00000000b9400000,0x00000000bb6bf680,0x00000000bb700000)
GC Heap History (10 events):
Event: 6.447 GC heap after
Heap after GC invocations=4 (full 0):
 PSYoungGen      total 34304K, used 2544K [0x00000000ebe00000, 0x00000000ee200000, 0x0000000100000000)
  eden space 31744K, 0% used [0x00000000ebe00000,0x00000000ebe00000,0x00000000edd00000)
  from space 2560K, 99% used [0x00000000edf80000,0x00000000ee1fc010,0x00000000ee200000)
  to   space 2560K, 0% used [0x00000000edd00000,0x00000000edd00000,0x00000000edf80000)
 ParOldGen       total 40960K, used 3781K [0x00000000c3a00000, 0x00000000c6200000, 0x00000000ebe00000)
  object space 40960K, 9% used [0x00000000c3a00000,0x00000000c3db17f0,0x00000000c6200000)
 PSPermGen       total 21504K, used 13944K [0x00000000b9400000, 0x00000000ba900000, 0x00000000c3a00000)
  object space 21504K, 64% used [0x00000000b9400000,0x00000000ba19e3f8,0x00000000ba900000)
}
Event: 7.473 GC heap before
{Heap before GC invocations=5 (full 0):
 PSYoungGen      total 34304K, used 34288K [0x00000000ebe00000, 0x00000000ee200000, 0x0000000100000000)
  eden space 31744K, 100% used [0x00000000ebe00000,0x00000000edd00000,0x00000000edd00000)
  from space 2560K, 99% used [0x00000000edf80000,0x00000000ee1fc010,0x00000000ee200000)
  to   space 2560K, 0% used [0x00000000edd00000,0x00000000edd00000,0x00000000edf80000)
 ParOldGen       total 40960K, used 3781K [0x00000000c3a00000, 0x00000000c6200000, 0x00000000ebe00000)
  object space 40960K, 9% used [0x00000000c3a00000,0x00000000c3db17f0,0x00000000c6200000)
 PSPermGen       total 21504K, used 14734K [0x00000000b9400000, 0x00000000ba900000, 0x00000000c3a00000)
  object space 21504K, 68% used [0x00000000b9400000,0x00000000ba263aa8,0x00000000ba900000)
Event: 7.490 GC heap after
Heap after GC invocations=5 (full 0):
 PSYoungGen      total 34304K, used 2560K [0x00000000ebe00000, 0x00000000f0600000, 0x0000000100000000)
  eden space 31744K, 0% used [0x00000000ebe00000,0x00000000ebe00000,0x00000000edd00000)
  from space 2560K, 100% used [0x00000000edd00000,0x00000000edf80000,0x00000000edf80000)
  to   space 5120K, 0% used [0x00000000f0100000,0x00000000f0100000,0x00000000f0600000)
 ParOldGen       total 40960K, used 5060K [0x00000000c3a00000, 0x00000000c6200000, 0x00000000ebe00000)
  object space 40960K, 12% used [0x00000000c3a00000,0x00000000c3ef1190,0x00000000c6200000)
 PSPermGen       total 21504K, used 14734K [0x00000000b9400000, 0x00000000ba900000, 0x00000000c3a00000)
  object space 21504K, 68% used [0x00000000b9400000,0x00000000ba263aa8,0x00000000ba900000)
}
Event: 9.675 GC heap before
{Heap before GC invocations=6 (full 0):
 PSYoungGen      total 34304K, used 34304K [0x00000000ebe00000, 0x00000000f0600000, 0x0000000100000000)
  eden space 31744K, 100% used [0x00000000ebe00000,0x00000000edd00000,0x00000000edd00000)
  from space 2560K, 100% used [0x00000000edd00000,0x00000000edf80000,0x00000000edf80000)
  to   space 5120K, 0% used [0x00000000f0100000,0x00000000f0100000,0x00000000f0600000)
 ParOldGen       total 40960K, used 5060K [0x00000000c3a00000, 0x00000000c6200000, 0x00000000ebe00000)
  object space 40960K, 12% used [0x00000000c3a00000,0x00000000c3ef1190,0x00000000c6200000)
 PSPermGen       total 21504K, used 16388K [0x00000000b9400000, 0x00000000ba900000, 0x00000000c3a00000)
  object space 21504K, 76% used [0x00000000b9400000,0x00000000ba401230,0x00000000ba900000)
Event: 9.748 GC heap after
Heap after GC invocations=6 (full 0):
 PSYoungGen      total 68096K, used 4637K [0x00000000ebe00000, 0x00000000f0700000, 0x0000000100000000)
  eden space 62976K, 0% used [0x00000000ebe00000,0x00000000ebe00000,0x00000000efb80000)
  from space 5120K, 90% used [0x00000000f0100000,0x00000000f05876f8,0x00000000f0600000)
  to   space 5632K, 0% used [0x00000000efb80000,0x00000000efb80000,0x00000000f0100000)
 ParOldGen       total 40960K, used 5060K [0x00000000c3a00000, 0x00000000c6200000, 0x00000000ebe00000)
  object space 40960K, 12% used [0x00000000c3a00000,0x00000000c3ef1190,0x00000000c6200000)
 PSPermGen       total 21504K, used 16388K [0x00000000b9400000, 0x00000000ba900000, 0x00000000c3a00000)
  object space 21504K, 76% used [0x00000000b9400000,0x00000000ba401230,0x00000000ba900000)
}
Event: 11.229 GC heap before
{Heap before GC invocations=7 (full 0):
 PSYoungGen      total 68096K, used 67613K [0x00000000ebe00000, 0x00000000f0700000, 0x0000000100000000)
  eden space 62976K, 100% used [0x00000000ebe00000,0x00000000efb80000,0x00000000efb80000)
  from space 5120K, 90% used [0x00000000f0100000,0x00000000f05876f8,0x00000000f0600000)
  to   space 5632K, 0% used [0x00000000efb80000,0x00000000efb80000,0x00000000f0100000)
 ParOldGen       total 40960K, used 5060K [0x00000000c3a00000, 0x00000000c6200000, 0x00000000ebe00000)
  object space 40960K, 12% used [0x00000000c3a00000,0x00000000c3ef1190,0x00000000c6200000)
 PSPermGen       total 21504K, used 20342K [0x00000000b9400000, 0x00000000ba900000, 0x00000000c3a00000)
  object space 21504K, 94% used [0x00000000b9400000,0x00000000ba7dd868,0x00000000ba900000)
Event: 11.243 GC heap after
Heap after GC invocations=7 (full 0):
 PSYoungGen      total 68608K, used 5297K [0x00000000ebe00000, 0x00000000f4500000, 0x0000000100000000)
  eden space 62976K, 0% used [0x00000000ebe00000,0x00000000ebe00000,0x00000000efb80000)
  from space 5632K, 94% used [0x00000000efb80000,0x00000000f00ac7d0,0x00000000f0100000)
  to   space 6144K, 0% used [0x00000000f3f00000,0x00000000f3f00000,0x00000000f4500000)
 ParOldGen       total 40960K, used 6637K [0x00000000c3a00000, 0x00000000c6200000, 0x00000000ebe00000)
  object space 40960K, 16% used [0x00000000c3a00000,0x00000000c407b630,0x00000000c6200000)
 PSPermGen       total 21504K, used 20342K [0x00000000b9400000, 0x00000000ba900000, 0x00000000c3a00000)
  object space 21504K, 94% used [0x00000000b9400000,0x00000000ba7dd868,0x00000000ba900000)
}
Event: 13.392 GC heap before
{Heap before GC invocations=8 (full 0):
 PSYoungGen      total 68608K, used 68273K [0x00000000ebe00000, 0x00000000f4500000, 0x0000000100000000)
  eden space 62976K, 100% used [0x00000000ebe00000,0x00000000efb80000,0x00000000efb80000)
  from space 5632K, 94% used [0x00000000efb80000,0x00000000f00ac7d0,0x00000000f0100000)
  to   space 6144K, 0% used [0x00000000f3f00000,0x00000000f3f00000,0x00000000f4500000)
 ParOldGen       total 40960K, used 6637K [0x00000000c3a00000, 0x00000000c6200000, 0x00000000ebe00000)
  object space 40960K, 16% used [0x00000000c3a00000,0x00000000c407b630,0x00000000c6200000)
 PSPermGen       total 28160K, used 27873K [0x00000000b9400000, 0x00000000baf80000, 0x00000000c3a00000)
  object space 28160K, 98% used [0x00000000b9400000,0x00000000baf38408,0x00000000baf80000)
Event: 13.426 GC heap after
Heap after GC invocations=8 (full 0):
 PSYoungGen      total 130048K, used 6139K [0x00000000ebe00000, 0x00000000f4900000, 0x0000000100000000)
  eden space 123904K, 0% used [0x00000000ebe00000,0x00000000ebe00000,0x00000000f3700000)
  from space 6144K, 99% used [0x00000000f3f00000,0x00000000f44fec98,0x00000000f4500000)
  to   space 8192K, 0% used [0x00000000f3700000,0x00000000f3700000,0x00000000f3f00000)
 ParOldGen       total 40960K, used 9808K [0x00000000c3a00000, 0x00000000c6200000, 0x00000000ebe00000)
  object space 40960K, 23% used [0x00000000c3a00000,0x00000000c4394038,0x00000000c6200000)
 PSPermGen       total 28160K, used 27873K [0x00000000b9400000, 0x00000000baf80000, 0x00000000c3a00000)
  object space 28160K, 98% used [0x00000000b9400000,0x00000000baf38408,0x00000000baf80000)
}
Event: 92.650 GC heap before
{Heap before GC invocations=9 (full 0):
 PSYoungGen      total 130048K, used 130043K [0x00000000ebe00000, 0x00000000f4900000, 0x0000000100000000)
  eden space 123904K, 100% used [0x00000000ebe00000,0x00000000f3700000,0x00000000f3700000)
  from space 6144K, 99% used [0x00000000f3f00000,0x00000000f44fec98,0x00000000f4500000)
  to   space 8192K, 0% used [0x00000000f3700000,0x00000000f3700000,0x00000000f3f00000)
 ParOldGen       total 40960K, used 9808K [0x00000000c3a00000, 0x00000000c6200000, 0x00000000ebe00000)
  object space 40960K, 23% used [0x00000000c3a00000,0x00000000c4394038,0x00000000c6200000)
 PSPermGen       total 35840K, used 35581K [0x00000000b9400000, 0x00000000bb700000, 0x00000000c3a00000)
  object space 35840K, 99% used [0x00000000b9400000,0x00000000bb6bf680,0x00000000bb700000)

